Started GET "/" for ::1 at 2020-12-09 00:56:19 +0300
  [1m[35m (28.0ms)[0m  [1m[34mSELECT sqlite_version(*)[0m
  
ActiveRecord::PendingMigrationError (

Migrations are pending. To resolve this issue, run:

        rails db:migrate RAILS_ENV=development

):
  
activerecord (6.0.3.4) lib/active_record/migration.rb:586:in `check_pending!'
activerecord (6.0.3.4) lib/active_record/migration.rb:564:in `call'
actionpack (6.0.3.4) lib/action_dispatch/middleware/callbacks.rb:27:in `block in call'
activesupport (6.0.3.4) lib/active_support/callbacks.rb:101:in `run_callbacks'
actionpack (6.0.3.4) lib/action_dispatch/middleware/callbacks.rb:26:in `call'
actionpack (6.0.3.4) lib/action_dispatch/middleware/executor.rb:14:in `call'
actionpack (6.0.3.4) lib/action_dispatch/middleware/actionable_exceptions.rb:18:in `call'
actionpack (6.0.3.4) lib/action_dispatch/middleware/debug_exceptions.rb:32:in `call'
web-console (4.1.0) lib/web_console/middleware.rb:132:in `call_app'
web-console (4.1.0) lib/web_console/middleware.rb:28:in `block in call'
web-console (4.1.0) lib/web_console/middleware.rb:17:in `catch'
web-console (4.1.0) lib/web_console/middleware.rb:17:in `call'
actionpack (6.0.3.4) lib/action_dispatch/middleware/show_exceptions.rb:33:in `call'
railties (6.0.3.4) lib/rails/rack/logger.rb:37:in `call_app'
railties (6.0.3.4) lib/rails/rack/logger.rb:26:in `block in call'
activesupport (6.0.3.4) lib/active_support/tagged_logging.rb:80:in `block in tagged'
activesupport (6.0.3.4) lib/active_support/tagged_logging.rb:28:in `tagged'
activesupport (6.0.3.4) lib/active_support/tagged_logging.rb:80:in `tagged'
railties (6.0.3.4) lib/rails/rack/logger.rb:26:in `call'
sprockets-rails (3.2.2) lib/sprockets/rails/quiet_assets.rb:13:in `call'
actionpack (6.0.3.4) lib/action_dispatch/middleware/remote_ip.rb:81:in `call'
actionpack (6.0.3.4) lib/action_dispatch/middleware/request_id.rb:27:in `call'
rack (2.2.3) lib/rack/method_override.rb:24:in `call'
rack (2.2.3) lib/rack/runtime.rb:22:in `call'
activesupport (6.0.3.4) lib/active_support/cache/strategy/local_cache_middleware.rb:29:in `call'
actionpack (6.0.3.4) lib/action_dispatch/middleware/executor.rb:14:in `call'
actionpack (6.0.3.4) lib/action_dispatch/middleware/static.rb:126:in `call'
rack (2.2.3) lib/rack/sendfile.rb:110:in `call'
actionpack (6.0.3.4) lib/action_dispatch/middleware/host_authorization.rb:82:in `call'
webpacker (4.3.0) lib/webpacker/dev_server_proxy.rb:23:in `perform_request'
rack-proxy (0.6.5) lib/rack/proxy.rb:57:in `call'
railties (6.0.3.4) lib/rails/engine.rb:527:in `call'
puma (4.3.7) lib/puma/configuration.rb:228:in `call'
puma (4.3.7) lib/puma/server.rb:713:in `handle_request'
puma (4.3.7) lib/puma/server.rb:472:in `process_client'
puma (4.3.7) lib/puma/server.rb:328:in `block in run'
puma (4.3.7) lib/puma/thread_pool.rb:134:in `block in spawn_thread'
Started GET "/packs/js/application-9afcbb5693aa87623e69.js" for ::1 at 2020-12-09 00:56:19 +0300
  
ActiveRecord::PendingMigrationError (

Migrations are pending. To resolve this issue, run:

        rails db:migrate RAILS_ENV=development

):
  
activerecord (6.0.3.4) lib/active_record/migration.rb:586:in `check_pending!'
activerecord (6.0.3.4) lib/active_record/migration.rb:564:in `call'
actionpack (6.0.3.4) lib/action_dispatch/middleware/callbacks.rb:27:in `block in call'
activesupport (6.0.3.4) lib/active_support/callbacks.rb:101:in `run_callbacks'
actionpack (6.0.3.4) lib/action_dispatch/middleware/callbacks.rb:26:in `call'
actionpack (6.0.3.4) lib/action_dispatch/middleware/executor.rb:14:in `call'
actionpack (6.0.3.4) lib/action_dispatch/middleware/actionable_exceptions.rb:18:in `call'
actionpack (6.0.3.4) lib/action_dispatch/middleware/debug_exceptions.rb:32:in `call'
web-console (4.1.0) lib/web_console/middleware.rb:132:in `call_app'
web-console (4.1.0) lib/web_console/middleware.rb:28:in `block in call'
web-console (4.1.0) lib/web_console/middleware.rb:17:in `catch'
web-console (4.1.0) lib/web_console/middleware.rb:17:in `call'
actionpack (6.0.3.4) lib/action_dispatch/middleware/show_exceptions.rb:33:in `call'
railties (6.0.3.4) lib/rails/rack/logger.rb:37:in `call_app'
railties (6.0.3.4) lib/rails/rack/logger.rb:26:in `block in call'
activesupport (6.0.3.4) lib/active_support/tagged_logging.rb:80:in `block in tagged'
activesupport (6.0.3.4) lib/active_support/tagged_logging.rb:28:in `tagged'
activesupport (6.0.3.4) lib/active_support/tagged_logging.rb:80:in `tagged'
railties (6.0.3.4) lib/rails/rack/logger.rb:26:in `call'
sprockets-rails (3.2.2) lib/sprockets/rails/quiet_assets.rb:13:in `call'
actionpack (6.0.3.4) lib/action_dispatch/middleware/remote_ip.rb:81:in `call'
actionpack (6.0.3.4) lib/action_dispatch/middleware/request_id.rb:27:in `call'
rack (2.2.3) lib/rack/method_override.rb:24:in `call'
rack (2.2.3) lib/rack/runtime.rb:22:in `call'
activesupport (6.0.3.4) lib/active_support/cache/strategy/local_cache_middleware.rb:29:in `call'
actionpack (6.0.3.4) lib/action_dispatch/middleware/executor.rb:14:in `call'
actionpack (6.0.3.4) lib/action_dispatch/middleware/static.rb:126:in `call'
rack (2.2.3) lib/rack/sendfile.rb:110:in `call'
actionpack (6.0.3.4) lib/action_dispatch/middleware/host_authorization.rb:82:in `call'
webpacker (4.3.0) lib/webpacker/dev_server_proxy.rb:23:in `perform_request'
rack-proxy (0.6.5) lib/rack/proxy.rb:57:in `call'
railties (6.0.3.4) lib/rails/engine.rb:527:in `call'
puma (4.3.7) lib/puma/configuration.rb:228:in `call'
puma (4.3.7) lib/puma/server.rb:713:in `handle_request'
puma (4.3.7) lib/puma/server.rb:472:in `process_client'
puma (4.3.7) lib/puma/server.rb:328:in `block in run'
puma (4.3.7) lib/puma/thread_pool.rb:134:in `block in spawn_thread'
Started POST "/rails/actions" for ::1 at 2020-12-09 00:56:22 +0300
  [1m[35m (3.1ms)[0m  [1m[35mCREATE TABLE "schema_migrations" ("version" varchar NOT NULL PRIMARY KEY)[0m
  [1m[35m (1.9ms)[0m  [1m[35mCREATE TABLE "ar_internal_metadata" ("key" varchar NOT NULL PRIMARY KEY, "value" varchar, "created_at" datetime(6) NOT NULL, "updated_at" datetime(6) NOT NULL)[0m
  [1m[35m (0.3ms)[0m  [1m[34mSELECT "schema_migrations"."version" FROM "schema_migrations" ORDER BY "schema_migrations"."version" ASC[0m
Migrating to CreateUsers (20201208214525)
  [1m[35m (0.1ms)[0m  [1m[36mbegin transaction[0m
  [1m[35m (0.7ms)[0m  [1m[35mCREATE TABLE "users" ("id" integer PRIMARY KEY AUTOINCREMENT NOT NULL, "name" varchar, "email" varchar, "password_digest" varchar, "created_at" datetime(6) NOT NULL, "updated_at" datetime(6) NOT NULL)[0m
  [1m[36mprimary::SchemaMigration Create (0.3ms)[0m  [1m[32mINSERT INTO "schema_migrations" ("version") VALUES (?)[0m  [["version", "20201208214525"]]
  [1m[35m (1.4ms)[0m  [1m[36mcommit transaction[0m
Migrating to CreatePalindromes (20201208214628)
  [1m[35m (0.1ms)[0m  [1m[36mbegin transaction[0m
  [1m[35m (0.7ms)[0m  [1m[35mCREATE TABLE "palindromes" ("id" integer PRIMARY KEY AUTOINCREMENT NOT NULL, "value" varchar, "res" varchar, "created_at" datetime(6) NOT NULL, "updated_at" datetime(6) NOT NULL)[0m
  [1m[36mprimary::SchemaMigration Create (0.3ms)[0m  [1m[32mINSERT INTO "schema_migrations" ("version") VALUES (?)[0m  [["version", "20201208214628"]]
  [1m[35m (1.2ms)[0m  [1m[36mcommit transaction[0m
  [1m[36mActiveRecord::InternalMetadata Load (0.3ms)[0m  [1m[34mSELECT "ar_internal_metadata".* FROM "ar_internal_metadata" WHERE "ar_internal_metadata"."key" = ? LIMIT ?[0m  [["key", "environment"], ["LIMIT", 1]]
  [1m[35m (0.1ms)[0m  [1m[36mbegin transaction[0m
  [1m[36mActiveRecord::InternalMetadata Create (1.1ms)[0m  [1m[32mINSERT INTO "ar_internal_metadata" ("key", "value", "created_at", "updated_at") VALUES (?, ?, ?, ?)[0m  [["key", "environment"], ["value", "development"], ["created_at", "2020-12-08 21:56:22.882878"], ["updated_at", "2020-12-08 21:56:22.882878"]]
  [1m[35m (1.3ms)[0m  [1m[36mcommit transaction[0m
Started GET "/" for ::1 at 2020-12-09 00:56:22 +0300
  [1m[35m (0.3ms)[0m  [1m[34mSELECT "schema_migrations"."version" FROM "schema_migrations" ORDER BY "schema_migrations"."version" ASC[0m
Processing by IndexController#index as HTML
Redirected to http://localhost:3000/login
Filter chain halted as :authorize rendered or redirected
Completed 302 Found in 6ms (ActiveRecord: 0.0ms | Allocations: 873)


Started GET "/login" for ::1 at 2020-12-09 00:56:22 +0300
Processing by SessionController#new as HTML
  Rendering session/new.html.erb within layouts/application
  Rendered session/new.html.erb within layouts/application (Duration: 1.5ms | Allocations: 257)
[Webpacker] Compiling...
[Webpacker] Compiled all packs in /Users/ivangorshkov/Desktop/Ekat/lab12/public/packs
[Webpacker] Hash: 15d1bb7b54cf6326b9ba
Version: webpack 4.44.2
Time: 2480ms
Built at: 2020-12-09 0:56:28
                                     Asset       Size       Chunks                         Chunk Names
    js/application-9afcbb5693aa87623e69.js    124 KiB  application  [emitted] [immutable]  application
js/application-9afcbb5693aa87623e69.js.map    139 KiB  application  [emitted] [dev]        application
                             manifest.json  364 bytes               [emitted]              
Entrypoint application = js/application-9afcbb5693aa87623e69.js js/application-9afcbb5693aa87623e69.js.map
[./app/javascript/channels sync recursive _channel\.js$] ./app/javascript/channels sync _channel\.js$ 160 bytes {application} [built]
[./app/javascript/channels/index.js] 211 bytes {application} [built]
[./app/javascript/packs/application.js] 749 bytes {application} [built]
[./node_modules/webpack/buildin/module.js] (webpack)/buildin/module.js 552 bytes {application} [built]
    + 3 hidden modules

Completed 200 OK in 5581ms (Views: 5579.2ms | ActiveRecord: 0.0ms | Allocations: 28000)


Started GET "/signup" for ::1 at 2020-12-09 00:56:32 +0300
Processing by UsersController#new as HTML
  Rendering users/new.html.erb within layouts/application
  Rendered users/new.html.erb within layouts/application (Duration: 2.1ms | Allocations: 251)
[Webpacker] Everything's up-to-date. Nothing to do
Completed 200 OK in 15ms (Views: 13.0ms | ActiveRecord: 0.0ms | Allocations: 4777)


Started POST "/users" for ::1 at 2020-12-09 00:56:43 +0300
Processing by UsersController#create as HTML
  Parameters: {"authenticity_token"=>"5m1/aZ/pkLOGA9GF2IRz4KQewLHz59N0pJgK3CGAvnfOIwexEnSQrjF/ZPXv97nvYysqkZ8TQbtbX1gx2zerJA==", "user"=>{"name"=>"test", "email"=>"ivan.a.gorshkov@gmail.com", "password"=>"[FILTERED]", "password_confirmation"=>"[FILTERED]"}, "commit"=>"Зарегистрироваться"}
Completed 500 Internal Server Error in 10ms (ActiveRecord: 0.0ms | Allocations: 1383)


  
LoadError (cannot load such file -- bcrypt):
  
app/models/user.rb:2:in `<class:User>'
app/models/user.rb:1:in `<main>'
app/controllers/users_controller.rb:6:in `create'
Started GET "/users" for ::1 at 2020-12-09 00:58:36 +0300
  [1m[35m (1.9ms)[0m  [1m[34mSELECT sqlite_version(*)[0m
  [1m[35m (0.2ms)[0m  [1m[34mSELECT "schema_migrations"."version" FROM "schema_migrations" ORDER BY "schema_migrations"."version" ASC[0m
  
ActionController::RoutingError (No route matches [GET] "/users"):
  
actionpack (6.0.3.4) lib/action_dispatch/middleware/debug_exceptions.rb:36:in `call'
web-console (4.1.0) lib/web_console/middleware.rb:132:in `call_app'
web-console (4.1.0) lib/web_console/middleware.rb:28:in `block in call'
web-console (4.1.0) lib/web_console/middleware.rb:17:in `catch'
web-console (4.1.0) lib/web_console/middleware.rb:17:in `call'
actionpack (6.0.3.4) lib/action_dispatch/middleware/show_exceptions.rb:33:in `call'
railties (6.0.3.4) lib/rails/rack/logger.rb:37:in `call_app'
railties (6.0.3.4) lib/rails/rack/logger.rb:26:in `block in call'
activesupport (6.0.3.4) lib/active_support/tagged_logging.rb:80:in `block in tagged'
activesupport (6.0.3.4) lib/active_support/tagged_logging.rb:28:in `tagged'
activesupport (6.0.3.4) lib/active_support/tagged_logging.rb:80:in `tagged'
railties (6.0.3.4) lib/rails/rack/logger.rb:26:in `call'
sprockets-rails (3.2.2) lib/sprockets/rails/quiet_assets.rb:13:in `call'
actionpack (6.0.3.4) lib/action_dispatch/middleware/remote_ip.rb:81:in `call'
actionpack (6.0.3.4) lib/action_dispatch/middleware/request_id.rb:27:in `call'
rack (2.2.3) lib/rack/method_override.rb:24:in `call'
rack (2.2.3) lib/rack/runtime.rb:22:in `call'
activesupport (6.0.3.4) lib/active_support/cache/strategy/local_cache_middleware.rb:29:in `call'
actionpack (6.0.3.4) lib/action_dispatch/middleware/executor.rb:14:in `call'
actionpack (6.0.3.4) lib/action_dispatch/middleware/static.rb:126:in `call'
rack (2.2.3) lib/rack/sendfile.rb:110:in `call'
actionpack (6.0.3.4) lib/action_dispatch/middleware/host_authorization.rb:82:in `call'
webpacker (4.3.0) lib/webpacker/dev_server_proxy.rb:23:in `perform_request'
rack-proxy (0.6.5) lib/rack/proxy.rb:57:in `call'
railties (6.0.3.4) lib/rails/engine.rb:527:in `call'
puma (4.3.7) lib/puma/configuration.rb:228:in `call'
puma (4.3.7) lib/puma/server.rb:713:in `handle_request'
puma (4.3.7) lib/puma/server.rb:472:in `process_client'
puma (4.3.7) lib/puma/server.rb:328:in `block in run'
puma (4.3.7) lib/puma/thread_pool.rb:134:in `block in spawn_thread'
Started GET "/users" for ::1 at 2020-12-09 00:58:40 +0300
  
ActionController::RoutingError (No route matches [GET] "/users"):
  
actionpack (6.0.3.4) lib/action_dispatch/middleware/debug_exceptions.rb:36:in `call'
web-console (4.1.0) lib/web_console/middleware.rb:132:in `call_app'
web-console (4.1.0) lib/web_console/middleware.rb:28:in `block in call'
web-console (4.1.0) lib/web_console/middleware.rb:17:in `catch'
web-console (4.1.0) lib/web_console/middleware.rb:17:in `call'
actionpack (6.0.3.4) lib/action_dispatch/middleware/show_exceptions.rb:33:in `call'
railties (6.0.3.4) lib/rails/rack/logger.rb:37:in `call_app'
railties (6.0.3.4) lib/rails/rack/logger.rb:26:in `block in call'
activesupport (6.0.3.4) lib/active_support/tagged_logging.rb:80:in `block in tagged'
activesupport (6.0.3.4) lib/active_support/tagged_logging.rb:28:in `tagged'
activesupport (6.0.3.4) lib/active_support/tagged_logging.rb:80:in `tagged'
railties (6.0.3.4) lib/rails/rack/logger.rb:26:in `call'
sprockets-rails (3.2.2) lib/sprockets/rails/quiet_assets.rb:13:in `call'
actionpack (6.0.3.4) lib/action_dispatch/middleware/remote_ip.rb:81:in `call'
actionpack (6.0.3.4) lib/action_dispatch/middleware/request_id.rb:27:in `call'
rack (2.2.3) lib/rack/method_override.rb:24:in `call'
rack (2.2.3) lib/rack/runtime.rb:22:in `call'
activesupport (6.0.3.4) lib/active_support/cache/strategy/local_cache_middleware.rb:29:in `call'
actionpack (6.0.3.4) lib/action_dispatch/middleware/executor.rb:14:in `call'
actionpack (6.0.3.4) lib/action_dispatch/middleware/static.rb:126:in `call'
rack (2.2.3) lib/rack/sendfile.rb:110:in `call'
actionpack (6.0.3.4) lib/action_dispatch/middleware/host_authorization.rb:82:in `call'
webpacker (4.3.0) lib/webpacker/dev_server_proxy.rb:23:in `perform_request'
rack-proxy (0.6.5) lib/rack/proxy.rb:57:in `call'
railties (6.0.3.4) lib/rails/engine.rb:527:in `call'
puma (4.3.7) lib/puma/configuration.rb:228:in `call'
puma (4.3.7) lib/puma/server.rb:713:in `handle_request'
puma (4.3.7) lib/puma/server.rb:472:in `process_client'
puma (4.3.7) lib/puma/server.rb:328:in `block in run'
puma (4.3.7) lib/puma/thread_pool.rb:134:in `block in spawn_thread'
Started GET "/" for ::1 at 2020-12-09 00:58:41 +0300
Processing by IndexController#index as HTML
Redirected to http://localhost:3000/login
Filter chain halted as :authorize rendered or redirected
Completed 302 Found in 1ms (ActiveRecord: 0.0ms | Allocations: 390)


Started GET "/login" for ::1 at 2020-12-09 00:58:41 +0300
Processing by SessionController#new as HTML
  Rendering session/new.html.erb within layouts/application
  Rendered session/new.html.erb within layouts/application (Duration: 1.8ms | Allocations: 240)
[Webpacker] Everything's up-to-date. Nothing to do
Completed 200 OK in 35ms (Views: 33.8ms | ActiveRecord: 0.0ms | Allocations: 8053)


Started GET "/signup" for ::1 at 2020-12-09 00:58:43 +0300
Processing by UsersController#new as HTML
  Rendering users/new.html.erb within layouts/application
  Rendered users/new.html.erb within layouts/application (Duration: 1.8ms | Allocations: 245)
[Webpacker] Everything's up-to-date. Nothing to do
Completed 200 OK in 18ms (Views: 15.9ms | ActiveRecord: 0.0ms | Allocations: 4768)


Started POST "/users" for ::1 at 2020-12-09 00:58:50 +0300
Processing by UsersController#create as HTML
  Parameters: {"authenticity_token"=>"3u+Cke/tIwdv8dHLsxdWJ8bvhI3wm/3geeaZJkJIjK32ofpJYnAjGtiNZLuEZJwoAdpurZxvby+GIcvLuP+Z/g==", "user"=>{"name"=>"qwe", "email"=>"ivanagorshkov160@gmail.com", "password"=>"[FILTERED]", "password_confirmation"=>"[FILTERED]"}, "commit"=>"Зарегистрироваться"}
  [1m[35m (0.1ms)[0m  [1m[36mbegin transaction[0m
  ↳ app/controllers/users_controller.rb:7:in `create'
  [1m[36mUser Exists? (0.2ms)[0m  [1m[34mSELECT 1 AS one FROM "users" WHERE "users"."name" = ? LIMIT ?[0m  [["name", "qwe"], ["LIMIT", 1]]
  ↳ app/controllers/users_controller.rb:7:in `create'
  [1m[36mUser Exists? (0.2ms)[0m  [1m[34mSELECT 1 AS one FROM "users" WHERE "users"."email" = ? LIMIT ?[0m  [["email", "ivanagorshkov160@gmail.com"], ["LIMIT", 1]]
  ↳ app/controllers/users_controller.rb:7:in `create'
  [1m[36mUser Create (1.2ms)[0m  [1m[32mINSERT INTO "users" ("name", "email", "password_digest", "created_at", "updated_at") VALUES (?, ?, ?, ?, ?)[0m  [["name", "qwe"], ["email", "ivanagorshkov160@gmail.com"], ["password_digest", "$2a$12$g.OvtGwZPa/RNZzq.nXvHOsYXpx6aG8bXI2tx/fEjsL1Cl75YwFum"], ["created_at", "2020-12-08 21:58:50.468561"], ["updated_at", "2020-12-08 21:58:50.468561"]]
  ↳ app/controllers/users_controller.rb:7:in `create'
  [1m[35m (1.4ms)[0m  [1m[36mcommit transaction[0m
  ↳ app/controllers/users_controller.rb:7:in `create'
Redirected to http://localhost:3000/
Completed 302 Found in 309ms (ActiveRecord: 4.2ms | Allocations: 10501)


Started GET "/" for ::1 at 2020-12-09 00:58:50 +0300
Processing by IndexController#index as HTML
  [1m[36mUser Load (0.3ms)[0m  [1m[34mSELECT "users".* FROM "users" WHERE "users"."id" = ? LIMIT ?[0m  [["id", 1], ["LIMIT", 1]]
  ↳ app/controllers/application_controller.rb:6:in `current_user'
  Rendering index/index.html.erb within layouts/application
  Rendered index/index.html.erb within layouts/application (Duration: 1.5ms | Allocations: 153)
[Webpacker] Everything's up-to-date. Nothing to do
Completed 200 OK in 20ms (Views: 14.4ms | ActiveRecord: 0.3ms | Allocations: 5700)


Started GET "/index/index.json?n=awe" for ::1 at 2020-12-09 00:58:56 +0300
Processing by IndexController#index as JSON
  Parameters: {"n"=>"awe"}
  [1m[36mUser Load (0.3ms)[0m  [1m[34mSELECT "users".* FROM "users" WHERE "users"."id" = ? LIMIT ?[0m  [["id", 1], ["LIMIT", 1]]
  ↳ app/controllers/application_controller.rb:6:in `current_user'
Completed 200 OK in 3ms (Views: 0.1ms | ActiveRecord: 0.3ms | Allocations: 1191)


Started GET "/index/index.json?n=asdasd" for ::1 at 2020-12-09 00:58:59 +0300
Processing by IndexController#index as JSON
  Parameters: {"n"=>"asdasd"}
  [1m[36mUser Load (0.2ms)[0m  [1m[34mSELECT "users".* FROM "users" WHERE "users"."id" = ? LIMIT ?[0m  [["id", 1], ["LIMIT", 1]]
  ↳ app/controllers/application_controller.rb:6:in `current_user'
Completed 200 OK in 3ms (Views: 0.1ms | ActiveRecord: 0.2ms | Allocations: 1191)


Started GET "/index/index.json?n=234" for ::1 at 2020-12-09 00:59:01 +0300
Processing by IndexController#index as JSON
  Parameters: {"n"=>"234"}
  [1m[36mUser Load (0.1ms)[0m  [1m[34mSELECT "users".* FROM "users" WHERE "users"."id" = ? LIMIT ?[0m  [["id", 1], ["LIMIT", 1]]
  ↳ app/controllers/application_controller.rb:6:in `current_user'
  [1m[36mPalindrome Load (0.3ms)[0m  [1m[34mSELECT "palindromes".* FROM "palindromes" WHERE "palindromes"."value" = ? ORDER BY "palindromes"."id" ASC LIMIT ?[0m  [["value", "234"], ["LIMIT", 1]]
  ↳ app/controllers/index_controller.rb:12:in `block (2 levels) in index'
  [1m[35m (0.2ms)[0m  [1m[36mbegin transaction[0m
  ↳ app/controllers/index_controller.rb:12:in `block (2 levels) in index'
  [1m[36mPalindrome Exists? (0.2ms)[0m  [1m[34mSELECT 1 AS one FROM "palindromes" WHERE "palindromes"."value" = ? LIMIT ?[0m  [["value", "234"], ["LIMIT", 1]]
  ↳ app/controllers/index_controller.rb:12:in `block (2 levels) in index'
  [1m[36mPalindrome Create (0.9ms)[0m  [1m[32mINSERT INTO "palindromes" ("value", "res", "created_at", "updated_at") VALUES (?, ?, ?, ?)[0m  [["value", "234"], ["res", "[[0,\"0\"],[1,\"1\"],[3,\"11\"],[5,\"101\"],[7,\"111\"],[9,\"1001\"],[33,\"100001\"],[99,\"1100011\"]]"], ["created_at", "2020-12-08 21:59:01.376879"], ["updated_at", "2020-12-08 21:59:01.376879"]]
  ↳ app/controllers/index_controller.rb:12:in `block (2 levels) in index'
  [1m[35m (0.9ms)[0m  [1m[36mcommit transaction[0m
  ↳ app/controllers/index_controller.rb:12:in `block (2 levels) in index'
Completed 200 OK in 53ms (Views: 0.2ms | ActiveRecord: 3.5ms | Allocations: 12178)


Started GET "/logout" for ::1 at 2020-12-09 00:59:02 +0300
Processing by SessionController#destroy as HTML
Redirected to http://localhost:3000/login
Completed 302 Found in 1ms (ActiveRecord: 0.0ms | Allocations: 287)


Started GET "/login" for ::1 at 2020-12-09 00:59:02 +0300
Processing by SessionController#new as HTML
  Rendering session/new.html.erb within layouts/application
  Rendered session/new.html.erb within layouts/application (Duration: 0.4ms | Allocations: 96)
[Webpacker] Everything's up-to-date. Nothing to do
Completed 200 OK in 10ms (Views: 9.2ms | ActiveRecord: 0.0ms | Allocations: 4098)


Started POST "/login" for ::1 at 2020-12-09 00:59:12 +0300
Processing by SessionController#create as HTML
  Parameters: {"authenticity_token"=>"+hltOCRlC1YmJoun86L4QyIatxbi8inlao0zIuID36rb9g3SfcBIH+Tc5QM5Jfmq5WcgQjxKCCa2bwM/Q8N/wA==", "username"=>"awe", "password"=>"[FILTERED]", "commit"=>"Войти"}
  [1m[36mUser Load (0.3ms)[0m  [1m[34mSELECT "users".* FROM "users" WHERE "users"."name" = ? LIMIT ?[0m  [["name", "awe"], ["LIMIT", 1]]
  ↳ app/controllers/session_controller.rb:6:in `create'
Redirected to http://localhost:3000/login
Completed 302 Found in 3ms (ActiveRecord: 0.3ms | Allocations: 1053)


Started GET "/login" for ::1 at 2020-12-09 00:59:12 +0300
Processing by SessionController#new as HTML
  Rendering session/new.html.erb within layouts/application
  Rendered session/new.html.erb within layouts/application (Duration: 0.7ms | Allocations: 93)
[Webpacker] Everything's up-to-date. Nothing to do
Completed 200 OK in 10ms (Views: 8.9ms | ActiveRecord: 0.0ms | Allocations: 4084)


Started GET "/signup" for ::1 at 2020-12-09 00:59:15 +0300
Processing by UsersController#new as HTML
  Rendering users/new.html.erb within layouts/application
  Rendered users/new.html.erb within layouts/application (Duration: 0.5ms | Allocations: 108)
[Webpacker] Everything's up-to-date. Nothing to do
Completed 200 OK in 14ms (Views: 12.4ms | ActiveRecord: 0.0ms | Allocations: 4105)


Started POST "/users" for ::1 at 2020-12-09 00:59:26 +0300
Processing by UsersController#create as HTML
  Parameters: {"authenticity_token"=>"86WTbvR22idiEUAvXvDTQzYbzMLw/uNNtd+CDAfoFKXb6+u2eevaOtVt9V9pgxlM8S4m4pwKcYJKGNDh/V8B9g==", "user"=>{"name"=>"qweqwe", "email"=>"qwe@qwe.com", "password"=>"[FILTERED]", "password_confirmation"=>"[FILTERED]"}, "commit"=>"Зарегистрироваться"}
  [1m[35m (0.1ms)[0m  [1m[36mbegin transaction[0m
  ↳ app/controllers/users_controller.rb:7:in `create'
  [1m[36mUser Exists? (0.3ms)[0m  [1m[34mSELECT 1 AS one FROM "users" WHERE "users"."name" = ? LIMIT ?[0m  [["name", "qweqwe"], ["LIMIT", 1]]
  ↳ app/controllers/users_controller.rb:7:in `create'
  [1m[36mUser Exists? (0.2ms)[0m  [1m[34mSELECT 1 AS one FROM "users" WHERE "users"."email" = ? LIMIT ?[0m  [["email", "qwe@qwe.com"], ["LIMIT", 1]]
  ↳ app/controllers/users_controller.rb:7:in `create'
  [1m[36mUser Create (0.5ms)[0m  [1m[32mINSERT INTO "users" ("name", "email", "password_digest", "created_at", "updated_at") VALUES (?, ?, ?, ?, ?)[0m  [["name", "qweqwe"], ["email", "qwe@qwe.com"], ["password_digest", "$2a$12$Y3Sem/UsQAfV/OqoZXm1ce7DXQGB5I8Wa9Ag3ZmJRZz0tvqSRgaG."], ["created_at", "2020-12-08 21:59:26.469762"], ["updated_at", "2020-12-08 21:59:26.469762"]]
  ↳ app/controllers/users_controller.rb:7:in `create'
  [1m[35m (1.2ms)[0m  [1m[36mcommit transaction[0m
  ↳ app/controllers/users_controller.rb:7:in `create'
Redirected to http://localhost:3000/
Completed 302 Found in 286ms (ActiveRecord: 2.2ms | Allocations: 4833)


Started GET "/" for ::1 at 2020-12-09 00:59:26 +0300
Processing by IndexController#index as HTML
  [1m[36mUser Load (0.1ms)[0m  [1m[34mSELECT "users".* FROM "users" WHERE "users"."id" = ? LIMIT ?[0m  [["id", 2], ["LIMIT", 1]]
  ↳ app/controllers/application_controller.rb:6:in `current_user'
  Rendering index/index.html.erb within layouts/application
  Rendered index/index.html.erb within layouts/application (Duration: 0.0ms | Allocations: 5)
[Webpacker] Everything's up-to-date. Nothing to do
Completed 200 OK in 8ms (Views: 6.8ms | ActiveRecord: 0.1ms | Allocations: 4802)


Started GET "/logout" for ::1 at 2020-12-09 00:59:28 +0300
Processing by SessionController#destroy as HTML
Redirected to http://localhost:3000/login
Completed 302 Found in 1ms (ActiveRecord: 0.0ms | Allocations: 286)


Started GET "/login" for ::1 at 2020-12-09 00:59:28 +0300
Processing by SessionController#new as HTML
  Rendering session/new.html.erb within layouts/application
  Rendered session/new.html.erb within layouts/application (Duration: 0.4ms | Allocations: 93)
[Webpacker] Everything's up-to-date. Nothing to do
Completed 200 OK in 10ms (Views: 9.4ms | ActiveRecord: 0.0ms | Allocations: 4100)


Started POST "/login" for ::1 at 2020-12-09 00:59:31 +0300
Processing by SessionController#create as HTML
  Parameters: {"authenticity_token"=>"+p3F4TyHQY6paHmWmGLYq1hFgjY3OBRsCO8HgseUhf3bcqULZSICx2uSFzJS5dlCnzgVYumANa/UDTefZlQllw==", "username"=>"qweqwe", "password"=>"[FILTERED]", "commit"=>"Войти"}
  [1m[36mUser Load (0.2ms)[0m  [1m[34mSELECT "users".* FROM "users" WHERE "users"."name" = ? LIMIT ?[0m  [["name", "qweqwe"], ["LIMIT", 1]]
  ↳ app/controllers/session_controller.rb:6:in `create'
Redirected to http://localhost:3000/
Completed 302 Found in 281ms (ActiveRecord: 0.2ms | Allocations: 917)


Started GET "/" for ::1 at 2020-12-09 00:59:32 +0300
Processing by IndexController#index as HTML
  [1m[36mUser Load (0.1ms)[0m  [1m[34mSELECT "users".* FROM "users" WHERE "users"."id" = ? LIMIT ?[0m  [["id", 2], ["LIMIT", 1]]
  ↳ app/controllers/application_controller.rb:6:in `current_user'
  Rendering index/index.html.erb within layouts/application
  Rendered index/index.html.erb within layouts/application (Duration: 0.1ms | Allocations: 4)
[Webpacker] Everything's up-to-date. Nothing to do
Completed 200 OK in 9ms (Views: 7.0ms | ActiveRecord: 0.1ms | Allocations: 4800)


Started GET "/logout" for ::1 at 2020-12-09 00:59:35 +0300
Processing by SessionController#destroy as HTML
Redirected to http://localhost:3000/login
Completed 302 Found in 1ms (ActiveRecord: 0.0ms | Allocations: 281)


Started GET "/login" for ::1 at 2020-12-09 00:59:35 +0300
Processing by SessionController#new as HTML
  Rendering session/new.html.erb within layouts/application
  Rendered session/new.html.erb within layouts/application (Duration: 0.4ms | Allocations: 93)
[Webpacker] Everything's up-to-date. Nothing to do
Completed 200 OK in 8ms (Views: 7.1ms | ActiveRecord: 0.0ms | Allocations: 4097)


Started GET "/login" for ::1 at 2020-12-09 01:01:15 +0300
Processing by SessionController#new as HTML
  Rendering session/new.html.erb within layouts/application
  Rendered session/new.html.erb within layouts/application (Duration: 1.1ms | Allocations: 218)
[Webpacker] Everything's up-to-date. Nothing to do
Completed 200 OK in 20ms (Views: 19.0ms | ActiveRecord: 0.0ms | Allocations: 5278)


Started GET "/signup" for ::1 at 2020-12-09 01:01:16 +0300
Processing by UsersController#new as HTML
  Rendering users/new.html.erb within layouts/application
  Rendered users/new.html.erb within layouts/application (Duration: 1.0ms | Allocations: 229)
[Webpacker] Everything's up-to-date. Nothing to do
Completed 200 OK in 11ms (Views: 10.4ms | ActiveRecord: 0.0ms | Allocations: 4788)


Started GET "/signup" for ::1 at 2020-12-09 01:01:24 +0300
Processing by UsersController#new as HTML
  Rendering users/new.html.erb within layouts/application
  Rendered users/new.html.erb within layouts/application (Duration: 0.6ms | Allocations: 229)
[Webpacker] Everything's up-to-date. Nothing to do
Completed 200 OK in 10ms (Views: 8.6ms | ActiveRecord: 0.0ms | Allocations: 5274)


Started GET "/signup" for ::1 at 2020-12-09 01:01:39 +0300
Processing by UsersController#new as HTML
  Rendering users/new.html.erb within layouts/application
  Rendered users/new.html.erb within layouts/application (Duration: 0.3ms | Allocations: 105)
[Webpacker] Everything's up-to-date. Nothing to do
Completed 200 OK in 16ms (Views: 15.5ms | ActiveRecord: 0.0ms | Allocations: 4103)


Started GET "/signup" for ::1 at 2020-12-09 01:01:39 +0300
Processing by UsersController#new as HTML
  Rendering users/new.html.erb within layouts/application
  Rendered users/new.html.erb within layouts/application (Duration: 0.8ms | Allocations: 234)
[Webpacker] Everything's up-to-date. Nothing to do
Completed 200 OK in 46ms (Views: 45.0ms | ActiveRecord: 0.0ms | Allocations: 5288)


Started POST "/users" for ::1 at 2020-12-09 01:01:45 +0300
Processing by UsersController#create as HTML
  Parameters: {"authenticity_token"=>"OhGQNaZJQJs2RPeXb0UuliniVB9DOacxNNAPciGzPeMOuzyEriZytK1At5fCNmVSNE+HcncTVXUps2HIoROgcw==", "user"=>{"name"=>"", "email"=>"", "password"=>"[FILTERED]", "password_confirmation"=>"[FILTERED]"}, "commit"=>"Зарегистрироваться"}
  [1m[35m (0.1ms)[0m  [1m[36mbegin transaction[0m
  ↳ app/controllers/users_controller.rb:7:in `create'
  [1m[36mUser Exists? (0.1ms)[0m  [1m[34mSELECT 1 AS one FROM "users" WHERE "users"."name" = ? LIMIT ?[0m  [["name", ""], ["LIMIT", 1]]
  ↳ app/controllers/users_controller.rb:7:in `create'
  [1m[36mUser Exists? (0.3ms)[0m  [1m[34mSELECT 1 AS one FROM "users" WHERE "users"."email" = ? LIMIT ?[0m  [["email", ""], ["LIMIT", 1]]
  ↳ app/controllers/users_controller.rb:7:in `create'
  [1m[35m (0.0ms)[0m  [1m[31mrollback transaction[0m
  ↳ app/controllers/users_controller.rb:7:in `create'
Redirected to http://localhost:3000/signup
Completed 302 Found in 18ms (ActiveRecord: 0.5ms | Allocations: 7795)


Started GET "/signup" for ::1 at 2020-12-09 01:01:45 +0300
Processing by UsersController#new as HTML
  Rendering users/new.html.erb within layouts/application
  Rendered users/new.html.erb within layouts/application (Duration: 0.4ms | Allocations: 106)
[Webpacker] Everything's up-to-date. Nothing to do
Completed 200 OK in 21ms (Views: 20.6ms | ActiveRecord: 0.0ms | Allocations: 4100)


Started GET "/signup" for ::1 at 2020-12-09 01:02:35 +0300
Processing by UsersController#new as HTML
  Rendering users/new.html.erb within layouts/application
  Rendered users/new.html.erb within layouts/application (Duration: 0.7ms | Allocations: 229)
[Webpacker] Everything's up-to-date. Nothing to do
Completed 200 OK in 16ms (Views: 15.2ms | ActiveRecord: 0.0ms | Allocations: 5280)


Started POST "/users" for ::1 at 2020-12-09 01:02:45 +0300
Processing by UsersController#create as HTML
  Parameters: {"authenticity_token"=>"tf/CtgyBxHCyaBos8MZ6mdiX080diKU9Rg9pIS9xf8SBVW4HBO72XylsWixdtTFdxToAoCmiV3lbbAebr9HiVA==", "user"=>{"name"=>"asd", "email"=>"asd@asd.com", "password"=>"[FILTERED]", "password_confirmation"=>"[FILTERED]"}, "commit"=>"Зарегистрироваться"}
  [1m[35m (0.1ms)[0m  [1m[36mbegin transaction[0m
  ↳ app/controllers/users_controller.rb:7:in `create'
  [1m[36mUser Exists? (0.2ms)[0m  [1m[34mSELECT 1 AS one FROM "users" WHERE "users"."name" = ? LIMIT ?[0m  [["name", "asd"], ["LIMIT", 1]]
  ↳ app/controllers/users_controller.rb:7:in `create'
  [1m[36mUser Exists? (0.1ms)[0m  [1m[34mSELECT 1 AS one FROM "users" WHERE "users"."email" = ? LIMIT ?[0m  [["email", "asd@asd.com"], ["LIMIT", 1]]
  ↳ app/controllers/users_controller.rb:7:in `create'
  [1m[36mUser Create (0.6ms)[0m  [1m[32mINSERT INTO "users" ("name", "email", "password_digest", "created_at", "updated_at") VALUES (?, ?, ?, ?, ?)[0m  [["name", "asd"], ["email", "asd@asd.com"], ["password_digest", "$2a$12$WlVPul1sttHCsaYKZ8VBnuaP6FClG0GhuzzFIHX7Az8eZZTRK5hNS"], ["created_at", "2020-12-08 22:02:45.735407"], ["updated_at", "2020-12-08 22:02:45.735407"]]
  ↳ app/controllers/users_controller.rb:7:in `create'
  [1m[35m (1.1ms)[0m  [1m[36mcommit transaction[0m
  ↳ app/controllers/users_controller.rb:7:in `create'
Redirected to http://localhost:3000/
Completed 302 Found in 276ms (ActiveRecord: 2.1ms | Allocations: 4798)


Started GET "/" for ::1 at 2020-12-09 01:02:45 +0300
Processing by IndexController#index as HTML
  [1m[36mUser Load (0.1ms)[0m  [1m[34mSELECT "users".* FROM "users" WHERE "users"."id" = ? LIMIT ?[0m  [["id", 3], ["LIMIT", 1]]
  ↳ app/controllers/application_controller.rb:6:in `current_user'
  Rendering index/index.html.erb within layouts/application
  Rendered index/index.html.erb within layouts/application (Duration: 0.8ms | Allocations: 149)
[Webpacker] Everything's up-to-date. Nothing to do
Completed 200 OK in 10ms (Views: 8.3ms | ActiveRecord: 0.1ms | Allocations: 5514)


Started GET "/logout" for ::1 at 2020-12-09 01:03:09 +0300
Processing by SessionController#destroy as HTML
Redirected to http://localhost:3000/login
Completed 302 Found in 1ms (ActiveRecord: 0.0ms | Allocations: 283)


Started GET "/login" for ::1 at 2020-12-09 01:03:09 +0300
Processing by SessionController#new as HTML
  Rendering session/new.html.erb within layouts/application
  Rendered session/new.html.erb within layouts/application (Duration: 1.4ms | Allocations: 219)
[Webpacker] Everything's up-to-date. Nothing to do
Completed 200 OK in 14ms (Views: 13.0ms | ActiveRecord: 0.0ms | Allocations: 5283)


Started POST "/login" for ::1 at 2020-12-09 01:03:39 +0300
Processing by SessionController#create as HTML
  Parameters: {"authenticity_token"=>"MQoo6CjHOfJvCTYsXrO8fDFI+5CYt8iTG4lNRqyUOHkQ5UgCcWJ6u63zWIiUNL2V9jVsxEYP6VDHa31bDVSYEw==", "username"=>"asd", "password"=>"[FILTERED]", "commit"=>"Войти"}
  [1m[36mUser Load (0.2ms)[0m  [1m[34mSELECT "users".* FROM "users" WHERE "users"."name" = ? LIMIT ?[0m  [["name", "asd"], ["LIMIT", 1]]
  ↳ app/controllers/session_controller.rb:6:in `create'
Redirected to http://localhost:3000/
Completed 302 Found in 294ms (ActiveRecord: 0.2ms | Allocations: 918)


Started GET "/" for ::1 at 2020-12-09 01:03:40 +0300
Processing by IndexController#index as HTML
  [1m[36mUser Load (0.2ms)[0m  [1m[34mSELECT "users".* FROM "users" WHERE "users"."id" = ? LIMIT ?[0m  [["id", 3], ["LIMIT", 1]]
  ↳ app/controllers/application_controller.rb:6:in `current_user'
  Rendering index/index.html.erb within layouts/application
  Rendered index/index.html.erb within layouts/application (Duration: 0.4ms | Allocations: 149)
[Webpacker] Everything's up-to-date. Nothing to do
Completed 200 OK in 11ms (Views: 8.5ms | ActiveRecord: 0.2ms | Allocations: 5997)


Started GET "/" for ::1 at 2020-12-09 01:07:04 +0300
  [1m[35m (0.0ms)[0m  [1m[34mSELECT sqlite_version(*)[0m
Processing by IndexController#index as HTML
  [1m[36mUser Load (0.2ms)[0m  [1m[34mSELECT "users".* FROM "users" WHERE "users"."id" = ? LIMIT ?[0m  [["id", 3], ["LIMIT", 1]]
  ↳ app/controllers/application_controller.rb:6:in `is_authenticate'
  Rendering index/index.html.erb within layouts/application
  Rendered index/index.html.erb within layouts/application (Duration: 1.2ms | Allocations: 152)
[Webpacker] Everything's up-to-date. Nothing to do
Completed 500 Internal Server Error in 407ms (ActiveRecord: 0.7ms | Allocations: 157981)


  
ActionView::Template::Error (undefined local variable or method `current_user' for #<#<Class:0x00007fd76537cca8>:0x00007fd7653871d0>
Did you mean?  @current_user):
    13:   <nav>
    14:     <h1>
    15:     <% if is_authenticate %>
    16:         Вы вошли как <%= current_user.name %> <%= link_to "Выйти", '/logout' %>
    17:     <% else %>
    18:         <%= link_to 'Войти', '/login' %>
    19:         <%= link_to 'Регистрация', '/signup' %>
  
app/views/layouts/application.html.erb:16
Started GET "/" for ::1 at 2020-12-09 01:07:43 +0300
Processing by IndexController#index as HTML
  [1m[36mUser Load (0.1ms)[0m  [1m[34mSELECT "users".* FROM "users" WHERE "users"."id" = ? LIMIT ?[0m  [["id", 3], ["LIMIT", 1]]
  ↳ app/controllers/application_controller.rb:6:in `is_authenticate'
  Rendering index/index.html.erb within layouts/application
  Rendered index/index.html.erb within layouts/application (Duration: 0.5ms | Allocations: 149)
[Webpacker] Everything's up-to-date. Nothing to do
Completed 200 OK in 20ms (Views: 17.1ms | ActiveRecord: 0.1ms | Allocations: 5987)


Started GET "/" for ::1 at 2020-12-09 01:07:50 +0300
Processing by IndexController#index as HTML
  [1m[36mUser Load (0.1ms)[0m  [1m[34mSELECT "users".* FROM "users" WHERE "users"."id" = ? LIMIT ?[0m  [["id", 3], ["LIMIT", 1]]
  ↳ app/controllers/application_controller.rb:6:in `is_authenticate'
  Rendering index/index.html.erb within layouts/application
  Rendered index/index.html.erb within layouts/application (Duration: 0.0ms | Allocations: 4)
[Webpacker] Everything's up-to-date. Nothing to do
Completed 200 OK in 16ms (Views: 13.0ms | ActiveRecord: 0.1ms | Allocations: 9384)


Started GET "/" for ::1 at 2020-12-09 01:07:51 +0300
  [1m[35m (0.1ms)[0m  [1m[34mSELECT sqlite_version(*)[0m
Processing by IndexController#index as HTML
  [1m[36mUser Load (0.2ms)[0m  [1m[34mSELECT "users".* FROM "users" WHERE "users"."id" = ? LIMIT ?[0m  [["id", 3], ["LIMIT", 1]]
  ↳ app/controllers/application_controller.rb:5:in `is_authenticate'
  Rendering index/index.html.erb within layouts/application
  Rendered index/index.html.erb within layouts/application (Duration: 0.1ms | Allocations: 4)
[Webpacker] Everything's up-to-date. Nothing to do
Completed 500 Internal Server Error in 372ms (ActiveRecord: 0.7ms | Allocations: 156851)


  
ActionView::Template::Error (undefined local variable or method `is_authenticate' for #<#<Class:0x00007fd762a2eb08>:0x00007fd762a46ac8>):
    12:   <body>
    13:   <nav>
    14:     <h1>
    15:     <% if is_authenticate %>
    16:         Вы вошли как <%= @current_user.name %> <%= link_to "Выйти", '/logout' %>
    17:     <% else %>
    18:         <%= link_to 'Войти', '/login' %>
  
app/views/layouts/application.html.erb:15
Started GET "/login" for ::1 at 2020-12-09 01:08:10 +0300
  [1m[35m (0.1ms)[0m  [1m[34mSELECT sqlite_version(*)[0m
Processing by SessionController#new as HTML
  Rendering session/new.html.erb within layouts/application
  Rendered session/new.html.erb within layouts/application (Duration: 1.7ms | Allocations: 217)
[Webpacker] Everything's up-to-date. Nothing to do
  [1m[36mUser Load (0.3ms)[0m  [1m[34mSELECT "users".* FROM "users" WHERE "users"."id" = ? LIMIT ?[0m  [["id", 3], ["LIMIT", 1]]
  ↳ app/controllers/application_controller.rb:6:in `is_authenticate'
Completed 500 Internal Server Error in 45ms (ActiveRecord: 1.1ms | Allocations: 11713)


  
ActionView::Template::Error (undefined method `name' for nil:NilClass):
    13:   <nav>
    14:     <h1>
    15:     <% if is_authenticate %>
    16:         Вы вошли как <%= @current_user.name %> <%= link_to "Выйти", '/logout' %>
    17:     <% else %>
    18:         <%= link_to 'Войти', '/login' %>
    19:         <%= link_to 'Регистрация', '/signup' %>
  
app/views/layouts/application.html.erb:16
Started GET "/login" for ::1 at 2020-12-09 01:08:12 +0300
Processing by SessionController#new as HTML
  Rendering session/new.html.erb within layouts/application
  Rendered session/new.html.erb within layouts/application (Duration: 0.4ms | Allocations: 94)
[Webpacker] Everything's up-to-date. Nothing to do
  [1m[36mUser Load (0.2ms)[0m  [1m[34mSELECT "users".* FROM "users" WHERE "users"."id" = ? LIMIT ?[0m  [["id", 3], ["LIMIT", 1]]
  ↳ app/controllers/application_controller.rb:6:in `is_authenticate'
Completed 500 Internal Server Error in 21ms (ActiveRecord: 0.2ms | Allocations: 5684)


  
ActionView::Template::Error (undefined method `name' for nil:NilClass):
    13:   <nav>
    14:     <h1>
    15:     <% if is_authenticate %>
    16:         Вы вошли как <%= @current_user.name %> <%= link_to "Выйти", '/logout' %>
    17:     <% else %>
    18:         <%= link_to 'Войти', '/login' %>
    19:         <%= link_to 'Регистрация', '/signup' %>
  
app/views/layouts/application.html.erb:16
Started GET "/login" for ::1 at 2020-12-09 01:08:13 +0300
Processing by SessionController#new as HTML
  Rendering session/new.html.erb within layouts/application
  Rendered session/new.html.erb within layouts/application (Duration: 0.3ms | Allocations: 93)
[Webpacker] Everything's up-to-date. Nothing to do
  [1m[36mUser Load (0.2ms)[0m  [1m[34mSELECT "users".* FROM "users" WHERE "users"."id" = ? LIMIT ?[0m  [["id", 3], ["LIMIT", 1]]
  ↳ app/controllers/application_controller.rb:6:in `is_authenticate'
Completed 500 Internal Server Error in 8ms (ActiveRecord: 0.2ms | Allocations: 5680)


  
ActionView::Template::Error (undefined method `name' for nil:NilClass):
    13:   <nav>
    14:     <h1>
    15:     <% if is_authenticate %>
    16:         Вы вошли как <%= @current_user.name %> <%= link_to "Выйти", '/logout' %>
    17:     <% else %>
    18:         <%= link_to 'Войти', '/login' %>
    19:         <%= link_to 'Регистрация', '/signup' %>
  
app/views/layouts/application.html.erb:16
Started GET "/login" for ::1 at 2020-12-09 01:08:14 +0300
Processing by SessionController#new as HTML
  Rendering session/new.html.erb within layouts/application
  Rendered session/new.html.erb within layouts/application (Duration: 0.4ms | Allocations: 93)
[Webpacker] Everything's up-to-date. Nothing to do
  [1m[36mUser Load (0.1ms)[0m  [1m[34mSELECT "users".* FROM "users" WHERE "users"."id" = ? LIMIT ?[0m  [["id", 3], ["LIMIT", 1]]
  ↳ app/controllers/application_controller.rb:6:in `is_authenticate'
Completed 500 Internal Server Error in 9ms (ActiveRecord: 0.1ms | Allocations: 5680)


  
ActionView::Template::Error (undefined method `name' for nil:NilClass):
    13:   <nav>
    14:     <h1>
    15:     <% if is_authenticate %>
    16:         Вы вошли как <%= @current_user.name %> <%= link_to "Выйти", '/logout' %>
    17:     <% else %>
    18:         <%= link_to 'Войти', '/login' %>
    19:         <%= link_to 'Регистрация', '/signup' %>
  
app/views/layouts/application.html.erb:16
Started GET "/login" for ::1 at 2020-12-09 01:08:23 +0300
Processing by SessionController#new as HTML
  Rendering session/new.html.erb within layouts/application
  Rendered session/new.html.erb within layouts/application (Duration: 0.3ms | Allocations: 93)
[Webpacker] Everything's up-to-date. Nothing to do
  [1m[36mUser Load (0.2ms)[0m  [1m[34mSELECT "users".* FROM "users" WHERE "users"."id" = ? LIMIT ?[0m  [["id", 3], ["LIMIT", 1]]
  ↳ app/controllers/application_controller.rb:6:in `is_authenticate'
Completed 500 Internal Server Error in 13ms (ActiveRecord: 0.2ms | Allocations: 5679)


  
ActionView::Template::Error (undefined method `name' for nil:NilClass):
    13:   <nav>
    14:     <h1>
    15:     <% if is_authenticate %>
    16:         Вы вошли как <%= @current_user.name %> <%= link_to "Выйти", '/logout' %>
    17:     <% else %>
    18:         <%= link_to 'Войти', '/login' %>
    19:         <%= link_to 'Регистрация', '/signup' %>
  
app/views/layouts/application.html.erb:16
Started GET "/logout" for ::1 at 2020-12-09 01:08:23 +0300
  [1m[35m (0.1ms)[0m  [1m[34mSELECT sqlite_version(*)[0m
Processing by SessionController#destroy as HTML
Redirected to http://localhost:3000/login
Completed 302 Found in 1ms (ActiveRecord: 0.0ms | Allocations: 275)


Started GET "/login" for ::1 at 2020-12-09 01:08:23 +0300
Processing by SessionController#new as HTML
  Rendering session/new.html.erb within layouts/application
  Rendered session/new.html.erb within layouts/application (Duration: 0.3ms | Allocations: 93)
[Webpacker] Everything's up-to-date. Nothing to do
Completed 200 OK in 14ms (Views: 13.3ms | ActiveRecord: 0.0ms | Allocations: 10645)


Started GET "/" for ::1 at 2020-12-09 01:08:23 +0300
Processing by IndexController#index as HTML
Redirected to http://localhost:3000/login
Filter chain halted as :authorize rendered or redirected
Completed 302 Found in 1ms (ActiveRecord: 0.0ms | Allocations: 348)


Started GET "/login" for ::1 at 2020-12-09 01:08:23 +0300
Processing by SessionController#new as HTML
  Rendering session/new.html.erb within layouts/application
  Rendered session/new.html.erb within layouts/application (Duration: 0.3ms | Allocations: 93)
[Webpacker] Everything's up-to-date. Nothing to do
Completed 200 OK in 9ms (Views: 7.8ms | ActiveRecord: 0.0ms | Allocations: 4083)


Started GET "/signup" for ::1 at 2020-12-09 01:08:25 +0300
Processing by UsersController#new as HTML
  Rendering users/new.html.erb within layouts/application
  Rendered users/new.html.erb within layouts/application (Duration: 1.7ms | Allocations: 232)
[Webpacker] Everything's up-to-date. Nothing to do
Completed 200 OK in 13ms (Views: 11.9ms | ActiveRecord: 0.0ms | Allocations: 4748)


Started POST "/users" for ::1 at 2020-12-09 01:08:40 +0300
Processing by UsersController#create as HTML
  Parameters: {"authenticity_token"=>"ZAd1oBMfWdcjgntSgg1AQ6ZroWYVyumeZhBKBca4f0lMSQ14noJZypT+ziK1fopMYV5LRnk+e1GZ1xjoPA9qGg==", "user"=>{"name"=>"i", "email"=>"12@gmail.com", "password"=>"[FILTERED]", "password_confirmation"=>"[FILTERED]"}, "commit"=>"Зарегистрироваться"}
  [1m[35m (0.1ms)[0m  [1m[36mbegin transaction[0m
  ↳ app/controllers/users_controller.rb:7:in `create'
  [1m[36mUser Exists? (0.2ms)[0m  [1m[34mSELECT 1 AS one FROM "users" WHERE "users"."name" = ? LIMIT ?[0m  [["name", "i"], ["LIMIT", 1]]
  ↳ app/controllers/users_controller.rb:7:in `create'
  [1m[36mUser Exists? (0.2ms)[0m  [1m[34mSELECT 1 AS one FROM "users" WHERE "users"."email" = ? LIMIT ?[0m  [["email", "12@gmail.com"], ["LIMIT", 1]]
  ↳ app/controllers/users_controller.rb:7:in `create'
  [1m[36mUser Create (1.1ms)[0m  [1m[32mINSERT INTO "users" ("name", "email", "password_digest", "created_at", "updated_at") VALUES (?, ?, ?, ?, ?)[0m  [["name", "i"], ["email", "12@gmail.com"], ["password_digest", "$2a$12$WJOG0hT4jpO1c/E83FjL4eJ.9JJzBGdTzMjMCGvNXA1XcNpDZgG6m"], ["created_at", "2020-12-08 22:08:41.178645"], ["updated_at", "2020-12-08 22:08:41.178645"]]
  ↳ app/controllers/users_controller.rb:7:in `create'
  [1m[35m (1.5ms)[0m  [1m[36mcommit transaction[0m
  ↳ app/controllers/users_controller.rb:7:in `create'
Redirected to http://localhost:3000/
Completed 302 Found in 344ms (ActiveRecord: 3.1ms | Allocations: 4941)


Started GET "/" for ::1 at 2020-12-09 01:08:41 +0300
Processing by IndexController#index as HTML
  [1m[36mUser Load (0.2ms)[0m  [1m[34mSELECT "users".* FROM "users" WHERE "users"."id" = ? LIMIT ?[0m  [["id", 4], ["LIMIT", 1]]
  ↳ app/controllers/application_controller.rb:6:in `is_authenticate'
  Rendering index/index.html.erb within layouts/application
  Rendered index/index.html.erb within layouts/application (Duration: 1.0ms | Allocations: 149)
[Webpacker] Everything's up-to-date. Nothing to do
Completed 200 OK in 14ms (Views: 10.9ms | ActiveRecord: 0.2ms | Allocations: 5509)


Started GET "/index/index.json?n=234" for ::1 at 2020-12-09 01:08:44 +0300
Processing by IndexController#index as JSON
  Parameters: {"n"=>"234"}
  [1m[36mUser Load (0.1ms)[0m  [1m[34mSELECT "users".* FROM "users" WHERE "users"."id" = ? LIMIT ?[0m  [["id", 4], ["LIMIT", 1]]
  ↳ app/controllers/application_controller.rb:6:in `is_authenticate'
  [1m[36mPalindrome Load (0.1ms)[0m  [1m[34mSELECT "palindromes".* FROM "palindromes" WHERE "palindromes"."value" = ? ORDER BY "palindromes"."id" ASC LIMIT ?[0m  [["value", "234"], ["LIMIT", 1]]
  ↳ app/controllers/index_controller.rb:12:in `block (2 levels) in index'
Completed 200 OK in 16ms (Views: 0.2ms | ActiveRecord: 0.7ms | Allocations: 5416)


Started GET "/logout" for ::1 at 2020-12-09 01:08:45 +0300
Processing by SessionController#destroy as HTML
Redirected to http://localhost:3000/login
Completed 302 Found in 1ms (ActiveRecord: 0.0ms | Allocations: 285)


Started GET "/login" for ::1 at 2020-12-09 01:08:45 +0300
Processing by SessionController#new as HTML
  Rendering session/new.html.erb within layouts/application
  Rendered session/new.html.erb within layouts/application (Duration: 0.4ms | Allocations: 96)
[Webpacker] Everything's up-to-date. Nothing to do
Completed 200 OK in 11ms (Views: 9.7ms | ActiveRecord: 0.0ms | Allocations: 4104)


